Generated at 2017-06-27 13:32:43 +0100
Net::HTTPServerException: 412 "Precondition Failed"
C:/opscode/chefdk/embedded/lib/ruby/2.1.0/net/http/response.rb:119:in `error!'
C:/opscode/chefdk/embedded/lib/ruby/gems/2.1.0/gems/chef-12.11.18-universal-mingw32/lib/chef/http.rb:146:in `request'
C:/opscode/chefdk/embedded/lib/ruby/gems/2.1.0/gems/chef-12.11.18-universal-mingw32/lib/chef/http.rb:127:in `post'
C:/opscode/chefdk/embedded/lib/ruby/gems/2.1.0/gems/chef-12.11.18-universal-mingw32/lib/chef/policy_builder/expand_node_object.rb:204:in `sync_cookbooks'
C:/opscode/chefdk/embedded/lib/ruby/gems/2.1.0/gems/chef-12.11.18-universal-mingw32/lib/chef/policy_builder/expand_node_object.rb:83:in `setup_run_context'
C:/opscode/chefdk/embedded/lib/ruby/gems/2.1.0/gems/chef-12.11.18-universal-mingw32/lib/chef/client.rb:510:in `setup_run_context'
C:/opscode/chefdk/embedded/lib/ruby/gems/2.1.0/gems/chef-12.11.18-universal-mingw32/lib/chef/client.rb:280:in `run'
C:/opscode/chefdk/embedded/lib/ruby/gems/2.1.0/gems/chef-12.11.18-universal-mingw32/lib/chef/application.rb:268:in `run_with_graceful_exit_option'
C:/opscode/chefdk/embedded/lib/ruby/gems/2.1.0/gems/chef-12.11.18-universal-mingw32/lib/chef/application.rb:244:in `block in run_chef_client'
C:/opscode/chefdk/embedded/lib/ruby/gems/2.1.0/gems/chef-12.11.18-universal-mingw32/lib/chef/local_mode.rb:44:in `with_server_connectivity'
C:/opscode/chefdk/embedded/lib/ruby/gems/2.1.0/gems/chef-12.11.18-universal-mingw32/lib/chef/application.rb:227:in `run_chef_client'
C:/opscode/chefdk/embedded/lib/ruby/gems/2.1.0/gems/chef-12.11.18-universal-mingw32/lib/chef/application/client.rb:456:in `sleep_then_run_chef_client'
C:/opscode/chefdk/embedded/lib/ruby/gems/2.1.0/gems/chef-12.11.18-universal-mingw32/lib/chef/application/client.rb:443:in `block in interval_run_chef_client'
C:/opscode/chefdk/embedded/lib/ruby/gems/2.1.0/gems/chef-12.11.18-universal-mingw32/lib/chef/application/client.rb:442:in `loop'
C:/opscode/chefdk/embedded/lib/ruby/gems/2.1.0/gems/chef-12.11.18-universal-mingw32/lib/chef/application/client.rb:442:in `interval_run_chef_client'
C:/opscode/chefdk/embedded/lib/ruby/gems/2.1.0/gems/chef-12.11.18-universal-mingw32/lib/chef/application/client.rb:426:in `run_application'
C:/opscode/chefdk/embedded/lib/ruby/gems/2.1.0/gems/chef-12.11.18-universal-mingw32/lib/chef/application.rb:59:in `run'
C:/opscode/chefdk/embedded/lib/ruby/gems/2.1.0/gems/chef-12.11.18-universal-mingw32/bin/chef-client:26:in `<top (required)>'
C:/opscode/chefdk/embedded/bin/chef-client:22:in `load'
C:/opscode/chefdk/embedded/bin/chef-client:22:in `<main>'